<?xml version="1.0" encoding="UTF-8"?>
<!-- Generated by org.testng.reporters.JUnitXMLReporter -->
<testsuite ignored="4" hostname="Meghanas-MacBook-Pro.local" failures="0" tests="1" name="Default test" time="59.748" errors="0" timestamp="2024-07-19T12:44:37 PDT">
  <testcase classname="com.training.testcases.LoginTest" name="invalidLogin" time="29.389"/>
  <testcase classname="com.training.testcases.LoginTest" name="WrongUsernameAndPassword" time="0.0">
    <ignored/>
  </testcase> <!-- WrongUsernameAndPassword -->
  <testcase classname="com.training.testcases.LoginTest" name="forgotPasswordTest" time="0.0">
    <ignored/>
  </testcase> <!-- forgotPasswordTest -->
  <testcase classname="com.training.testcases.LoginTest" name="validLogin" time="0.0">
    <ignored/>
  </testcase> <!-- validLogin -->
  <testcase classname="com.training.testcases.LoginTest" name="checkRememberme" time="0.0">
    <ignored/>
  </testcase> <!-- checkRememberme -->
</testsuite> <!-- Default test -->
