<?xml version="1.0" encoding="UTF-8"?>
<testng-results ignored="0" total="5" passed="4" failed="1" skipped="0">
  <reporter-output>
  </reporter-output>
  <suite started-at="2024-04-17T12:28:06 PDT" name="Automation" finished-at="2024-04-17T12:31:25 PDT" duration-ms="198624">
    <groups>
    </groups>
    <test started-at="2024-04-17T12:28:06 PDT" name="LoginTest" finished-at="2024-04-17T12:31:25 PDT" duration-ms="198624">
      <class name="com.training.testcases.LoginTest">
        <test-method is-config="true" signature="beforeMethod()[pri:0, instance:com.training.testcases.LoginTest@4690b489]" started-at="2024-04-17T12:28:06 PDT" name="beforeMethod" finished-at="2024-04-17T12:29:14 PDT" duration-ms="67820" status="PASS">
          <reporter-output>
          </reporter-output>
        </test-method> <!-- beforeMethod -->
        <test-method signature="WrongUsernameAndPassword()[pri:0, instance:com.training.testcases.LoginTest@4690b489]" started-at="2024-04-17T12:29:14 PDT" name="WrongUsernameAndPassword" finished-at="2024-04-17T12:29:33 PDT" duration-ms="18414" status="PASS">
          <reporter-output>
          </reporter-output>
        </test-method> <!-- WrongUsernameAndPassword -->
        <test-method is-config="true" signature="teardown()[pri:0, instance:com.training.testcases.LoginTest@4690b489]" started-at="2024-04-17T12:29:33 PDT" name="teardown" finished-at="2024-04-17T12:29:35 PDT" duration-ms="2484" status="PASS">
          <reporter-output>
          </reporter-output>
        </test-method> <!-- teardown -->
        <test-method is-config="true" signature="beforeMethod()[pri:0, instance:com.training.testcases.LoginTest@4690b489]" started-at="2024-04-17T12:29:35 PDT" name="beforeMethod" finished-at="2024-04-17T12:29:48 PDT" duration-ms="12920" status="PASS">
          <reporter-output>
          </reporter-output>
        </test-method> <!-- beforeMethod -->
        <test-method signature="checkRememberme()[pri:0, instance:com.training.testcases.LoginTest@4690b489]" started-at="2024-04-17T12:29:48 PDT" name="checkRememberme" finished-at="2024-04-17T12:30:04 PDT" duration-ms="15965" status="FAIL">
          <exception class="org.openqa.selenium.NoSuchElementException">
            <message>
              <![CDATA[no such element: Unable to locate element: {"method":"xpath","selector":"//div[@id ='userNavButton']"}
  (Session info: chrome=123.0.6312.124)
For documentation on this error, please visit: https://www.seleniumhq.org/exceptions/no_such_element.html
Build info: version: '3.141.59', revision: 'e82be7d358', time: '2018-11-14T08:17:03'
System info: host: 'Meghanas-MacBook-Pro.local', ip: '2601:647:4101:7670:0:0:0:8d52%en0', os.name: 'Mac OS X', os.arch: 'x86_64', os.version: '10.16', java.version: '13.0.2'
Driver info: org.openqa.selenium.chrome.ChromeDriver
Capabilities {acceptInsecureCerts: false, browserName: chrome, browserVersion: 123.0.6312.124, chrome: {chromedriverVersion: 123.0.6312.122 (31f8248cdd9..., userDataDir: /var/folders/ts/03hn90q96_7...}, fedcm:accounts: true, goog:chromeOptions: {debuggerAddress: localhost:64744}, javascriptEnabled: true, networkConnectionEnabled: false, pageLoadStrategy: normal, platform: MAC, platformName: MAC, proxy: Proxy(), setWindowRect: true, strictFileInteractability: false, timeouts: {implicit: 0, pageLoad: 300000, script: 30000}, unhandledPromptBehavior: dismiss and notify, webauthn:extension:credBlob: true, webauthn:extension:largeBlob: true, webauthn:extension:minPinLength: true, webauthn:extension:prf: true, webauthn:virtualAuthenticators: true}
Session ID: 3e2b91a841824cfde7d2b3d23b637de5
*** Element info: {Using=xpath, value=//div[@id ='userNavButton']}]]>
            </message>
            <full-stacktrace>
              <![CDATA[org.openqa.selenium.NoSuchElementException: no such element: Unable to locate element: {"method":"xpath","selector":"//div[@id ='userNavButton']"}
  (Session info: chrome=123.0.6312.124)
For documentation on this error, please visit: https://www.seleniumhq.org/exceptions/no_such_element.html
Build info: version: '3.141.59', revision: 'e82be7d358', time: '2018-11-14T08:17:03'
System info: host: 'Meghanas-MacBook-Pro.local', ip: '2601:647:4101:7670:0:0:0:8d52%en0', os.name: 'Mac OS X', os.arch: 'x86_64', os.version: '10.16', java.version: '13.0.2'
Driver info: org.openqa.selenium.chrome.ChromeDriver
Capabilities {acceptInsecureCerts: false, browserName: chrome, browserVersion: 123.0.6312.124, chrome: {chromedriverVersion: 123.0.6312.122 (31f8248cdd9..., userDataDir: /var/folders/ts/03hn90q96_7...}, fedcm:accounts: true, goog:chromeOptions: {debuggerAddress: localhost:64744}, javascriptEnabled: true, networkConnectionEnabled: false, pageLoadStrategy: normal, platform: MAC, platformName: MAC, proxy: Proxy(), setWindowRect: true, strictFileInteractability: false, timeouts: {implicit: 0, pageLoad: 300000, script: 30000}, unhandledPromptBehavior: dismiss and notify, webauthn:extension:credBlob: true, webauthn:extension:largeBlob: true, webauthn:extension:minPinLength: true, webauthn:extension:prf: true, webauthn:virtualAuthenticators: true}
Session ID: 3e2b91a841824cfde7d2b3d23b637de5
*** Element info: {Using=xpath, value=//div[@id ='userNavButton']}
at java.base/jdk.internal.reflect.NativeConstructorAccessorImpl.newInstance0(Native Method)
at java.base/jdk.internal.reflect.NativeConstructorAccessorImpl.newInstance(NativeConstructorAccessorImpl.java:62)
at java.base/jdk.internal.reflect.DelegatingConstructorAccessorImpl.newInstance(DelegatingConstructorAccessorImpl.java:45)
at java.base/java.lang.reflect.Constructor.newInstanceWithCaller(Constructor.java:500)
at java.base/java.lang.reflect.Constructor.newInstance(Constructor.java:481)
at org.openqa.selenium.remote.http.W3CHttpResponseCodec.createException(W3CHttpResponseCodec.java:187)
at org.openqa.selenium.remote.http.W3CHttpResponseCodec.decode(W3CHttpResponseCodec.java:122)
at org.openqa.selenium.remote.http.W3CHttpResponseCodec.decode(W3CHttpResponseCodec.java:49)
at org.openqa.selenium.remote.HttpCommandExecutor.execute(HttpCommandExecutor.java:158)
at org.openqa.selenium.remote.service.DriverCommandExecutor.execute(DriverCommandExecutor.java:83)
at org.openqa.selenium.remote.RemoteWebDriver.execute(RemoteWebDriver.java:552)
at org.openqa.selenium.remote.RemoteWebDriver.findElement(RemoteWebDriver.java:323)
at org.openqa.selenium.remote.RemoteWebDriver.findElementByXPath(RemoteWebDriver.java:428)
at org.openqa.selenium.By$ByXPath.findElement(By.java:353)
at org.openqa.selenium.remote.RemoteWebDriver.findElement(RemoteWebDriver.java:315)
at org.openqa.selenium.support.pagefactory.DefaultElementLocator.findElement(DefaultElementLocator.java:69)
at org.openqa.selenium.support.pagefactory.internal.LocatingElementHandler.invoke(LocatingElementHandler.java:38)
at com.sun.proxy.$Proxy9.click(Unknown Source)
at com.training.pages.UserMenuPage.usermenu(UserMenuPage.java:128)
at com.training.testcases.LoginTest.checkRememberme(LoginTest.java:86)
at java.base/jdk.internal.reflect.NativeMethodAccessorImpl.invoke0(Native Method)
at java.base/jdk.internal.reflect.NativeMethodAccessorImpl.invoke(NativeMethodAccessorImpl.java:62)
at java.base/jdk.internal.reflect.DelegatingMethodAccessorImpl.invoke(DelegatingMethodAccessorImpl.java:43)
at java.base/java.lang.reflect.Method.invoke(Method.java:567)
at org.testng.internal.invokers.MethodInvocationHelper.invokeMethod(MethodInvocationHelper.java:141)
at org.testng.internal.invokers.TestInvoker.invokeMethod(TestInvoker.java:686)
at org.testng.internal.invokers.TestInvoker.invokeTestMethod(TestInvoker.java:230)
at org.testng.internal.invokers.MethodRunner.runInSequence(MethodRunner.java:63)
at org.testng.internal.invokers.TestInvoker$MethodInvocationAgent.invoke(TestInvoker.java:992)
at org.testng.internal.invokers.TestInvoker.invokeTestMethods(TestInvoker.java:203)
at org.testng.internal.invokers.TestMethodWorker.invokeTestMethods(TestMethodWorker.java:154)
at org.testng.internal.invokers.TestMethodWorker.run(TestMethodWorker.java:134)
at java.base/java.util.ArrayList.forEach(ArrayList.java:1507)
at org.testng.TestRunner.privateRun(TestRunner.java:739)
at org.testng.TestRunner.run(TestRunner.java:614)
at org.testng.SuiteRunner.runTest(SuiteRunner.java:421)
at org.testng.SuiteRunner.runSequentially(SuiteRunner.java:413)
at org.testng.SuiteRunner.privateRun(SuiteRunner.java:373)
at org.testng.SuiteRunner.run(SuiteRunner.java:312)
at org.testng.SuiteRunnerWorker.runSuite(SuiteRunnerWorker.java:52)
at org.testng.SuiteRunnerWorker.run(SuiteRunnerWorker.java:95)
at org.testng.TestNG.runSuitesSequentially(TestNG.java:1274)
at org.testng.TestNG.runSuitesLocally(TestNG.java:1208)
at org.testng.TestNG.runSuites(TestNG.java:1112)
at org.testng.TestNG.run(TestNG.java:1079)
at org.apache.maven.surefire.testng.TestNGExecutor.run(TestNGExecutor.java:308)
at org.apache.maven.surefire.testng.TestNGXmlTestSuite.execute(TestNGXmlTestSuite.java:71)
at org.apache.maven.surefire.testng.TestNGProvider.invoke(TestNGProvider.java:113)
at org.apache.maven.surefire.booter.ForkedBooter.runSuitesInProcess(ForkedBooter.java:385)
at org.apache.maven.surefire.booter.ForkedBooter.execute(ForkedBooter.java:162)
at org.apache.maven.surefire.booter.ForkedBooter.run(ForkedBooter.java:507)
at org.apache.maven.surefire.booter.ForkedBooter.main(ForkedBooter.java:495)
]]>
            </full-stacktrace>
          </exception> <!-- org.openqa.selenium.NoSuchElementException -->
          <reporter-output>
          </reporter-output>
        </test-method> <!-- checkRememberme -->
        <test-method is-config="true" signature="teardown()[pri:0, instance:com.training.testcases.LoginTest@4690b489]" started-at="2024-04-17T12:30:04 PDT" name="teardown" finished-at="2024-04-17T12:30:05 PDT" duration-ms="1015" status="PASS">
          <reporter-output>
          </reporter-output>
        </test-method> <!-- teardown -->
        <test-method is-config="true" signature="beforeMethod()[pri:0, instance:com.training.testcases.LoginTest@4690b489]" started-at="2024-04-17T12:30:05 PDT" name="beforeMethod" finished-at="2024-04-17T12:30:14 PDT" duration-ms="8647" status="PASS">
          <reporter-output>
          </reporter-output>
        </test-method> <!-- beforeMethod -->
        <test-method signature="forgotPasswordTest()[pri:0, instance:com.training.testcases.LoginTest@4690b489]" started-at="2024-04-17T12:30:14 PDT" name="forgotPasswordTest" finished-at="2024-04-17T12:30:27 PDT" duration-ms="13355" status="PASS">
          <reporter-output>
          </reporter-output>
        </test-method> <!-- forgotPasswordTest -->
        <test-method is-config="true" signature="teardown()[pri:0, instance:com.training.testcases.LoginTest@4690b489]" started-at="2024-04-17T12:30:27 PDT" name="teardown" finished-at="2024-04-17T12:30:29 PDT" duration-ms="1384" status="PASS">
          <reporter-output>
          </reporter-output>
        </test-method> <!-- teardown -->
        <test-method is-config="true" signature="beforeMethod()[pri:0, instance:com.training.testcases.LoginTest@4690b489]" started-at="2024-04-17T12:30:29 PDT" name="beforeMethod" finished-at="2024-04-17T12:30:39 PDT" duration-ms="10605" status="PASS">
          <reporter-output>
          </reporter-output>
        </test-method> <!-- beforeMethod -->
        <test-method signature="invalidLogin()[pri:0, instance:com.training.testcases.LoginTest@4690b489]" started-at="2024-04-17T12:30:39 PDT" name="invalidLogin" finished-at="2024-04-17T12:30:53 PDT" duration-ms="13417" status="PASS">
          <reporter-output>
          </reporter-output>
        </test-method> <!-- invalidLogin -->
        <test-method is-config="true" signature="teardown()[pri:0, instance:com.training.testcases.LoginTest@4690b489]" started-at="2024-04-17T12:30:53 PDT" name="teardown" finished-at="2024-04-17T12:30:55 PDT" duration-ms="2193" status="PASS">
          <reporter-output>
          </reporter-output>
        </test-method> <!-- teardown -->
        <test-method is-config="true" signature="beforeMethod()[pri:0, instance:com.training.testcases.LoginTest@4690b489]" started-at="2024-04-17T12:30:55 PDT" name="beforeMethod" finished-at="2024-04-17T12:31:07 PDT" duration-ms="12331" status="PASS">
          <reporter-output>
          </reporter-output>
        </test-method> <!-- beforeMethod -->
        <test-method signature="validLogin()[pri:0, instance:com.training.testcases.LoginTest@4690b489]" started-at="2024-04-17T12:31:07 PDT" name="validLogin" finished-at="2024-04-17T12:31:24 PDT" duration-ms="16615" status="PASS">
          <reporter-output>
          </reporter-output>
        </test-method> <!-- validLogin -->
        <test-method is-config="true" signature="teardown()[pri:0, instance:com.training.testcases.LoginTest@4690b489]" started-at="2024-04-17T12:31:24 PDT" name="teardown" finished-at="2024-04-17T12:31:25 PDT" duration-ms="622" status="PASS">
          <reporter-output>
          </reporter-output>
        </test-method> <!-- teardown -->
      </class> <!-- com.training.testcases.LoginTest -->
    </test> <!-- LoginTest -->
  </suite> <!-- Automation -->
</testng-results>
