<?xml version="1.0" encoding="UTF-8"?>
<testng-results ignored="0" total="1" passed="1" failed="0" skipped="0">
  <reporter-output>
  </reporter-output>
  <suite started-at="2024-07-19T12:43:38 PDT" name="Default suite" finished-at="2024-07-19T12:44:37 PDT" duration-ms="59748">
    <groups>
    </groups>
    <test started-at="2024-07-19T12:43:38 PDT" name="Default test" finished-at="2024-07-19T12:44:37 PDT" duration-ms="59748">
      <class name="com.training.testcases.LoginTest">
        <test-method is-config="true" signature="beforeMethod()[pri:0, instance:com.training.testcases.LoginTest@323b36e0]" started-at="2024-07-19T12:43:38 PDT" name="beforeMethod" finished-at="2024-07-19T12:44:05 PDT" duration-ms="26843" status="PASS">
          <reporter-output>
          </reporter-output>
        </test-method> <!-- beforeMethod -->
        <test-method signature="invalidLogin()[pri:0, instance:com.training.testcases.LoginTest@323b36e0]" started-at="2024-07-19T12:44:05 PDT" name="invalidLogin" finished-at="2024-07-19T12:44:34 PDT" duration-ms="29389" status="PASS">
          <reporter-output>
          </reporter-output>
        </test-method> <!-- invalidLogin -->
        <test-method is-config="true" signature="teardown()[pri:0, instance:com.training.testcases.LoginTest@323b36e0]" started-at="2024-07-19T12:44:34 PDT" name="teardown" finished-at="2024-07-19T12:44:37 PDT" duration-ms="3403" status="PASS">
          <reporter-output>
          </reporter-output>
        </test-method> <!-- teardown -->
      </class> <!-- com.training.testcases.LoginTest -->
    </test> <!-- Default test -->
  </suite> <!-- Default suite -->
</testng-results>
